# JRE version: Java(TM) SE Runtime Environment (7.0_51-b13) (build 1.7.0_51-b13)
# Java VM: Java HotSpot(TM) Client VM (24.51-b03 mixed mode windows-x86 )
Heap
 def new generation   total 4928K, used 2858K [0x04fc0000, 0x05510000, 0x0a510000)
  eden space 4416K,  53% used [0x04fc0000, 0x0520aac8, 0x05410000)
  from space 512K, 100% used [0x05410000, 0x05490000, 0x05490000)
  to   space 512K,   0% used [0x05490000, 0x05490000, 0x05510000)
 tenured generation   total 10944K, used 1531K [0x0a510000, 0x0afc0000, 0x14fc0000)
   the space 10944K,  13% used [0x0a510000, 0x0a68ee20, 0x0a68f000, 0x0afc0000)
 compacting perm gen  total 12288K, used 4388K [0x14fc0000, 0x15bc0000, 0x18fc0000)
   the space 12288K,  35% used [0x14fc0000, 0x15409230, 0x15409400, 0x15bc0000)
GC Heap History (4 events):
Event: 0.324 GC heap before
{Heap before GC invocations=0 (full 0):
 def new generation   total 4928K, used 4416K [0x04fc0000, 0x05510000, 0x0a510000)
  eden space 4416K, 100% used [0x04fc0000, 0x05410000, 0x05410000)
  from space 512K,   0% used [0x05410000, 0x05410000, 0x05490000)
  to   space 512K,   0% used [0x05490000, 0x05490000, 0x05510000)
 tenured generation   total 10944K, used 0K [0x0a510000, 0x0afc0000, 0x14fc0000)
   the space 10944K,   0% used [0x0a510000, 0x0a510000, 0x0a510200, 0x0afc0000)
 compacting perm gen  total 12288K, used 3239K [0x14fc0000, 0x15bc0000, 0x18fc0000)
   the space 12288K,  26% used [0x14fc0000, 0x152e9dc8, 0x152e9e00, 0x15bc0000)
No shared spaces configured.
Event: 0.328 GC heap after
Heap after GC invocations=1 (full 0):
 def new generation   total 4928K, used 512K [0x04fc0000, 0x05510000, 0x0a510000)
  eden space 4416K,   0% used [0x04fc0000, 0x04fc0000, 0x05410000)
  from space 512K, 100% used [0x05490000, 0x05510000, 0x05510000)
  to   space 512K,   0% used [0x05410000, 0x05410000, 0x05490000)
 tenured generation   total 10944K, used 764K [0x0a510000, 0x0afc0000, 0x14fc0000)
   the space 10944K,   6% used [0x0a510000, 0x0a5cf130, 0x0a5cf200, 0x0afc0000)
 compacting perm gen  total 12288K, used 3239K [0x14fc0000, 0x15bc0000, 0x18fc0000)
   the space 12288K,  26% used [0x14fc0000, 0x152e9dc8, 0x152e9e00, 0x15bc0000)
No shared spaces configured.
}
Event: 0.444 GC heap before
{Heap before GC invocations=1 (full 0):
 def new generation   total 4928K, used 4928K [0x04fc0000, 0x05510000, 0x0a510000)
  eden space 4416K, 100% used [0x04fc0000, 0x05410000, 0x05410000)
  from space 512K, 100% used [0x05490000, 0x05510000, 0x05510000)
  to   space 512K,   0% used [0x05410000, 0x05410000, 0x05490000)
 tenured generation   total 10944K, used 764K [0x0a510000, 0x0afc0000, 0x14fc0000)
   the space 10944K,   6% used [0x0a510000, 0x0a5cf130, 0x0a5cf200, 0x0afc0000)
 compacting perm gen  total 12288K, used 3759K [0x14fc0000, 0x15bc0000, 0x18fc0000)
   the space 12288K,  30% used [0x14fc0000, 0x1536bc18, 0x1536be00, 0x15bc0000)
No shared spaces configured.
Event: 0.448 GC heap after
Heap after GC invocations=2 (full 0):
 def new generation   total 4928K, used 512K [0x04fc0000, 0x05510000, 0x0a510000)
  eden space 4416K,   0% used [0x04fc0000, 0x04fc0000, 0x05410000)
  from space 512K, 100% used [0x05410000, 0x05490000, 0x05490000)
  to   space 512K,   0% used [0x05490000, 0x05490000, 0x05510000)
 tenured generation   total 10944K, used 1531K [0x0a510000, 0x0afc0000, 0x14fc0000)
   the space 10944K,  13% used [0x0a510000, 0x0a68ee20, 0x0a68f000, 0x0afc0000)
 compacting perm gen  total 12288K, used 3759K [0x14fc0000, 0x15bc0000, 0x18fc0000)
   the space 12288K,  30% used [0x14fc0000, 0x1536bc18, 0x1536be00, 0x15bc0000)
No shared spaces configured.
}

